<?xml version="1.0" encoding="UTF-8"?>
<!-- Generated by org.testng.reporters.JUnitReportReporter -->
<testsuite hostname="DESKTOP-KAVYA" failures="0" tests="1" name="com.qa.testlayer.Testclass" time="6.144" errors="0" timestamp="2023-09-19T22:31:55 IST" skipped="0">
  <testcase classname="com.qa.testlayer.Testclass" name="verifyLogin" time="6.144"/>
  <system-out/>
</testsuite> <!-- com.qa.testlayer.Testclass -->
