<?xml version="1.0" encoding="UTF-8"?>
<!-- Generated by org.testng.reporters.JUnitReportReporter -->
<testsuite hostname="DESKTOP-KAVYA" failures="0" tests="1" name="com.qa.testlayer.Testclass" time="7.457" errors="0" timestamp="2023-09-19T18:28:01 IST" skipped="0">
  <testcase classname="com.qa.testlayer.Testclass" name="verifyLogin" time="7.457"/>
  <system-out/>
</testsuite> <!-- com.qa.testlayer.Testclass -->
